{"E:\\dev\\mongomart\\react-redux\\reducers\\byCat.js": {"path":"E:\\dev\\mongomart\\react-redux\\reducers\\byCat.js","statementMap":{"0":{"start":{"line":1,"column":14},"end":{"line":18,"column":1}},"1":{"start":{"line":2,"column":4},"end":{"line":17,"column":5}},"2":{"start":{"line":4,"column":29},"end":{"line":4,"column":35}},"3":{"start":{"line":6,"column":12},"end":{"line":14,"column":26}},"4":{"start":{"line":7,"column":26},"end":{"line":7,"column":35}},"5":{"start":{"line":8,"column":31},"end":{"line":8,"column":49}},"6":{"start":{"line":9,"column":16},"end":{"line":9,"column":55}},"7":{"start":{"line":9,"column":31},"end":{"line":9,"column":55}},"8":{"start":{"line":11,"column":16},"end":{"line":11,"column":49}},"9":{"start":{"line":12,"column":16},"end":{"line":12,"column":39}},"10":{"start":{"line":13,"column":16},"end":{"line":13,"column":28}},"11":{"start":{"line":16,"column":12},"end":{"line":16,"column":25}},"12":{"start":{"line":22,"column":27},"end":{"line":22,"column":53}},"13":{"start":{"line":22,"column":43},"end":{"line":22,"column":53}},"14":{"start":{"line":24,"column":34},"end":{"line":27,"column":6}},"15":{"start":{"line":25,"column":4},"end":{"line":27,"column":6}},"16":{"start":{"line":26,"column":8},"end":{"line":26,"column":59}}},"fnMap":{"0":{"name":"(anonymous_0)","decl":{"start":{"line":1,"column":14},"end":{"line":1,"column":15}},"loc":{"start":{"line":1,"column":38},"end":{"line":18,"column":1}},"line":1},"1":{"name":"(anonymous_1)","decl":{"start":{"line":6,"column":44},"end":{"line":6,"column":45}},"loc":{"start":{"line":6,"column":59},"end":{"line":14,"column":13}},"line":6},"2":{"name":"(anonymous_2)","decl":{"start":{"line":22,"column":27},"end":{"line":22,"column":28}},"loc":{"start":{"line":22,"column":43},"end":{"line":22,"column":53}},"line":22},"3":{"name":"(anonymous_3)","decl":{"start":{"line":24,"column":34},"end":{"line":24,"column":35}},"loc":{"start":{"line":25,"column":4},"end":{"line":27,"column":6}},"line":25},"4":{"name":"(anonymous_4)","decl":{"start":{"line":25,"column":28},"end":{"line":25,"column":29}},"loc":{"start":{"line":25,"column":39},"end":{"line":27,"column":5}},"line":25}},"branchMap":{"0":{"loc":{"start":{"line":1,"column":15},"end":{"line":1,"column":25}},"type":"default-arg","locations":[{"start":{"line":1,"column":23},"end":{"line":1,"column":25}}],"line":1},"1":{"loc":{"start":{"line":2,"column":4},"end":{"line":17,"column":5}},"type":"switch","locations":[{"start":{"line":3,"column":8},"end":{"line":14,"column":26}},{"start":{"line":15,"column":8},"end":{"line":16,"column":25}}],"line":2},"2":{"loc":{"start":{"line":9,"column":16},"end":{"line":9,"column":55}},"type":"if","locations":[{"start":{"line":9,"column":16},"end":{"line":9,"column":55}},{"start":{"line":9,"column":16},"end":{"line":9,"column":55}}],"line":9}},"s":{"0":1,"1":2,"2":0,"3":0,"4":0,"5":0,"6":0,"7":0,"8":0,"9":0,"10":0,"11":2,"12":1,"13":3,"14":1,"15":0,"16":0},"f":{"0":2,"1":0,"2":3,"3":0,"4":0},"b":{"0":[2],"1":[0,2],"2":[0,0]},"_coverageSchema":"332fd63041d2c1bcb487cc26dd0d5f7d97098a6c","hash":"98212b1fbf4b355236005431d5e8a9193d7f8815"}
,"E:\\dev\\mongomart\\react-redux\\reducers\\byIDs.js": {"path":"E:\\dev\\mongomart\\react-redux\\reducers\\byIDs.js","statementMap":{"0":{"start":{"line":3,"column":14},"end":{"line":17,"column":1}},"1":{"start":{"line":4,"column":4},"end":{"line":16,"column":5}},"2":{"start":{"line":6,"column":29},"end":{"line":6,"column":35}},"3":{"start":{"line":8,"column":12},"end":{"line":12,"column":19}},"4":{"start":{"line":9,"column":16},"end":{"line":9,"column":48}},"5":{"start":{"line":11,"column":16},"end":{"line":11,"column":28}},"6":{"start":{"line":15,"column":12},"end":{"line":15,"column":25}},"7":{"start":{"line":21,"column":24},"end":{"line":21,"column":74}},"8":{"start":{"line":21,"column":45},"end":{"line":21,"column":74}},"9":{"start":{"line":21,"column":64},"end":{"line":21,"column":73}},"10":{"start":{"line":22,"column":27},"end":{"line":22,"column":51}},"11":{"start":{"line":22,"column":42},"end":{"line":22,"column":51}},"12":{"start":{"line":23,"column":22},"end":{"line":23,"column":81}},"13":{"start":{"line":23,"column":45},"end":{"line":23,"column":81}},"14":{"start":{"line":24,"column":32},"end":{"line":24,"column":123}},"15":{"start":{"line":24,"column":71},"end":{"line":24,"column":123}},"16":{"start":{"line":26,"column":34},"end":{"line":27,"column":40}},"17":{"start":{"line":27,"column":4},"end":{"line":27,"column":40}}},"fnMap":{"0":{"name":"(anonymous_0)","decl":{"start":{"line":3,"column":14},"end":{"line":3,"column":15}},"loc":{"start":{"line":3,"column":38},"end":{"line":17,"column":1}},"line":3},"1":{"name":"(anonymous_1)","decl":{"start":{"line":8,"column":44},"end":{"line":8,"column":45}},"loc":{"start":{"line":8,"column":59},"end":{"line":12,"column":13}},"line":8},"2":{"name":"(anonymous_2)","decl":{"start":{"line":21,"column":24},"end":{"line":21,"column":25}},"loc":{"start":{"line":21,"column":45},"end":{"line":21,"column":74}},"line":21},"3":{"name":"(anonymous_3)","decl":{"start":{"line":21,"column":58},"end":{"line":21,"column":59}},"loc":{"start":{"line":21,"column":64},"end":{"line":21,"column":73}},"line":21},"4":{"name":"(anonymous_4)","decl":{"start":{"line":22,"column":27},"end":{"line":22,"column":28}},"loc":{"start":{"line":22,"column":42},"end":{"line":22,"column":51}},"line":22},"5":{"name":"(anonymous_5)","decl":{"start":{"line":23,"column":22},"end":{"line":23,"column":23}},"loc":{"start":{"line":23,"column":45},"end":{"line":23,"column":81}},"line":23},"6":{"name":"(anonymous_6)","decl":{"start":{"line":24,"column":32},"end":{"line":24,"column":33}},"loc":{"start":{"line":24,"column":71},"end":{"line":24,"column":123}},"line":24},"7":{"name":"(anonymous_7)","decl":{"start":{"line":26,"column":34},"end":{"line":26,"column":35}},"loc":{"start":{"line":27,"column":4},"end":{"line":27,"column":40}},"line":27}},"branchMap":{"0":{"loc":{"start":{"line":3,"column":15},"end":{"line":3,"column":25}},"type":"default-arg","locations":[{"start":{"line":3,"column":23},"end":{"line":3,"column":25}}],"line":3},"1":{"loc":{"start":{"line":4,"column":4},"end":{"line":16,"column":5}},"type":"switch","locations":[{"start":{"line":5,"column":8},"end":{"line":12,"column":19}},{"start":{"line":14,"column":8},"end":{"line":15,"column":25}}],"line":4}},"s":{"0":2,"1":2,"2":0,"3":0,"4":0,"5":0,"6":2,"7":2,"8":0,"9":0,"10":2,"11":0,"12":2,"13":1,"14":2,"15":3,"16":2,"17":2},"f":{"0":2,"1":0,"2":0,"3":0,"4":0,"5":1,"6":3,"7":2},"b":{"0":[2],"1":[0,2]},"_coverageSchema":"332fd63041d2c1bcb487cc26dd0d5f7d97098a6c","hash":"be12c4e4fa1ddd4b9823ce04c5b11d473df2af53"}
,"E:\\dev\\mongomart\\react-redux\\reducers\\currentPage.js": {"path":"E:\\dev\\mongomart\\react-redux\\reducers\\currentPage.js","statementMap":{"0":{"start":{"line":1,"column":20},"end":{"line":8,"column":1}},"1":{"start":{"line":2,"column":4},"end":{"line":7,"column":5}},"2":{"start":{"line":4,"column":12},"end":{"line":4,"column":29}},"3":{"start":{"line":6,"column":12},"end":{"line":6,"column":25}}},"fnMap":{"0":{"name":"(anonymous_0)","decl":{"start":{"line":1,"column":20},"end":{"line":1,"column":21}},"loc":{"start":{"line":1,"column":43},"end":{"line":8,"column":1}},"line":1}},"branchMap":{"0":{"loc":{"start":{"line":1,"column":21},"end":{"line":1,"column":30}},"type":"default-arg","locations":[{"start":{"line":1,"column":29},"end":{"line":1,"column":30}}],"line":1},"1":{"loc":{"start":{"line":2,"column":4},"end":{"line":7,"column":5}},"type":"switch","locations":[{"start":{"line":3,"column":8},"end":{"line":4,"column":29}},{"start":{"line":5,"column":8},"end":{"line":6,"column":25}}],"line":2}},"s":{"0":1,"1":2,"2":0,"3":2},"f":{"0":2},"b":{"0":[2],"1":[0,2]},"_coverageSchema":"332fd63041d2c1bcb487cc26dd0d5f7d97098a6c","hash":"a091563ee38f29885e39663d0787d0897c1f3f78"}
,"E:\\dev\\mongomart\\react-redux\\reducers\\index.js": {"path":"E:\\dev\\mongomart\\react-redux\\reducers\\index.js","statementMap":{"0":{"start":{"line":9,"column":38},"end":{"line":19,"column":1}},"1":{"start":{"line":10,"column":4},"end":{"line":18,"column":5}},"2":{"start":{"line":11,"column":8},"end":{"line":11,"column":62}},"3":{"start":{"line":17,"column":8},"end":{"line":17,"column":114}},"4":{"start":{"line":21,"column":34},"end":{"line":22,"column":45}},"5":{"start":{"line":22,"column":4},"end":{"line":22,"column":45}},"6":{"start":{"line":24,"column":28},"end":{"line":25,"column":42}},"7":{"start":{"line":25,"column":4},"end":{"line":25,"column":42}},"8":{"start":{"line":27,"column":36},"end":{"line":28,"column":50}},"9":{"start":{"line":28,"column":4},"end":{"line":28,"column":50}}},"fnMap":{"0":{"name":"(anonymous_0)","decl":{"start":{"line":9,"column":38},"end":{"line":9,"column":39}},"loc":{"start":{"line":9,"column":54},"end":{"line":19,"column":1}},"line":9},"1":{"name":"(anonymous_1)","decl":{"start":{"line":21,"column":34},"end":{"line":21,"column":35}},"loc":{"start":{"line":22,"column":4},"end":{"line":22,"column":45}},"line":22},"2":{"name":"(anonymous_2)","decl":{"start":{"line":24,"column":28},"end":{"line":24,"column":29}},"loc":{"start":{"line":25,"column":4},"end":{"line":25,"column":42}},"line":25},"3":{"name":"(anonymous_3)","decl":{"start":{"line":27,"column":36},"end":{"line":27,"column":37}},"loc":{"start":{"line":28,"column":4},"end":{"line":28,"column":50}},"line":28}},"branchMap":{"0":{"loc":{"start":{"line":10,"column":4},"end":{"line":18,"column":5}},"type":"if","locations":[{"start":{"line":10,"column":4},"end":{"line":18,"column":5}},{"start":{"line":10,"column":4},"end":{"line":18,"column":5}}],"line":10}},"s":{"0":1,"1":4,"2":1,"3":3,"4":1,"5":0,"6":1,"7":0,"8":1,"9":0},"f":{"0":4,"1":0,"2":0,"3":0},"b":{"0":[1,3]},"_coverageSchema":"332fd63041d2c1bcb487cc26dd0d5f7d97098a6c","hash":"6e5353531a44ecd5eaccdcddea12eac09c7154cb"}
,"E:\\dev\\mongomart\\react-redux\\reducers\\userSearchText.js": {"path":"E:\\dev\\mongomart\\react-redux\\reducers\\userSearchText.js","statementMap":{"0":{"start":{"line":1,"column":23},"end":{"line":9,"column":1}},"1":{"start":{"line":2,"column":4},"end":{"line":2,"column":35}},"2":{"start":{"line":2,"column":22},"end":{"line":2,"column":35}},"3":{"start":{"line":3,"column":4},"end":{"line":8,"column":5}},"4":{"start":{"line":5,"column":12},"end":{"line":5,"column":32}},"5":{"start":{"line":7,"column":12},"end":{"line":7,"column":25}}},"fnMap":{"0":{"name":"(anonymous_0)","decl":{"start":{"line":1,"column":23},"end":{"line":1,"column":24}},"loc":{"start":{"line":1,"column":47},"end":{"line":9,"column":1}},"line":1}},"branchMap":{"0":{"loc":{"start":{"line":1,"column":24},"end":{"line":1,"column":34}},"type":"default-arg","locations":[{"start":{"line":1,"column":32},"end":{"line":1,"column":34}}],"line":1},"1":{"loc":{"start":{"line":2,"column":4},"end":{"line":2,"column":35}},"type":"if","locations":[{"start":{"line":2,"column":4},"end":{"line":2,"column":35}},{"start":{"line":2,"column":4},"end":{"line":2,"column":35}}],"line":2},"2":{"loc":{"start":{"line":3,"column":4},"end":{"line":8,"column":5}},"type":"switch","locations":[{"start":{"line":4,"column":8},"end":{"line":5,"column":32}},{"start":{"line":6,"column":8},"end":{"line":7,"column":25}}],"line":3}},"s":{"0":1,"1":3,"2":1,"3":2,"4":1,"5":1},"f":{"0":3},"b":{"0":[1],"1":[1,2],"2":[1,1]},"_coverageSchema":"332fd63041d2c1bcb487cc26dd0d5f7d97098a6c","hash":"f2d1123ee9b295941e13e113aa57dc98b65778b8"}
,"E:\\dev\\mongomart\\react-redux\\reducers\\util.js": {"path":"E:\\dev\\mongomart\\react-redux\\reducers\\util.js","statementMap":{"0":{"start":{"line":2,"column":17},"end":{"line":2,"column":19}},"1":{"start":{"line":3,"column":24},"end":{"line":3,"column":76}},"2":{"start":{"line":5,"column":4},"end":{"line":11,"column":7}},"3":{"start":{"line":6,"column":22},"end":{"line":6,"column":49}},"4":{"start":{"line":7,"column":21},"end":{"line":7,"column":30}},"5":{"start":{"line":8,"column":8},"end":{"line":10,"column":9}},"6":{"start":{"line":9,"column":12},"end":{"line":9,"column":29}},"7":{"start":{"line":12,"column":4},"end":{"line":12,"column":18}}},"fnMap":{"0":{"name":"searchItemInState","decl":{"start":{"line":1,"column":16},"end":{"line":1,"column":33}},"loc":{"start":{"line":1,"column":76},"end":{"line":13,"column":1}},"line":1},"1":{"name":"(anonymous_1)","decl":{"start":{"line":5,"column":24},"end":{"line":5,"column":25}},"loc":{"start":{"line":5,"column":30},"end":{"line":11,"column":5}},"line":5}},"branchMap":{"0":{"loc":{"start":{"line":1,"column":53},"end":{"line":1,"column":74}},"type":"default-arg","locations":[{"start":{"line":1,"column":70},"end":{"line":1,"column":74}}],"line":1},"1":{"loc":{"start":{"line":3,"column":24},"end":{"line":3,"column":76}},"type":"cond-expr","locations":[{"start":{"line":3,"column":41},"end":{"line":3,"column":55}},{"start":{"line":3,"column":58},"end":{"line":3,"column":76}}],"line":3},"2":{"loc":{"start":{"line":8,"column":8},"end":{"line":10,"column":9}},"type":"if","locations":[{"start":{"line":8,"column":8},"end":{"line":10,"column":9}},{"start":{"line":8,"column":8},"end":{"line":10,"column":9}}],"line":8},"3":{"loc":{"start":{"line":8,"column":12},"end":{"line":8,"column":80}},"type":"binary-expr","locations":[{"start":{"line":8,"column":12},"end":{"line":8,"column":41}},{"start":{"line":8,"column":45},"end":{"line":8,"column":80}}],"line":8}},"s":{"0":6,"1":6,"2":6,"3":76,"4":76,"5":76,"6":28,"7":6},"f":{"0":6,"1":76},"b":{"0":[3],"1":[3,3],"2":[28,48],"3":[76,48]},"_coverageSchema":"332fd63041d2c1bcb487cc26dd0d5f7d97098a6c","hash":"cb512d01d51a6620caff21ed34cbe2ad868d4b9c"}
}
