TN:
SF:E:\dev\mongomart\react-redux\reducers\byCat.js
FN:1,(anonymous_0)
FN:6,(anonymous_1)
FN:22,(anonymous_2)
FN:24,(anonymous_3)
FN:25,(anonymous_4)
FNF:5
FNH:2
FNDA:2,(anonymous_0)
FNDA:0,(anonymous_1)
FNDA:3,(anonymous_2)
FNDA:0,(anonymous_3)
FNDA:0,(anonymous_4)
DA:1,1
DA:2,2
DA:4,0
DA:6,0
DA:7,0
DA:8,0
DA:9,0
DA:11,0
DA:12,0
DA:13,0
DA:16,2
DA:22,3
DA:24,1
DA:25,0
DA:26,0
LF:15
LH:5
BRDA:1,0,0,2
BRDA:2,1,0,0
BRDA:2,1,1,2
BRDA:9,2,0,0
BRDA:9,2,1,0
BRF:5
BRH:2
end_of_record
TN:
SF:E:\dev\mongomart\react-redux\reducers\byIDs.js
FN:3,(anonymous_0)
FN:8,(anonymous_1)
FN:21,(anonymous_2)
FN:21,(anonymous_3)
FN:22,(anonymous_4)
FN:23,(anonymous_5)
FN:24,(anonymous_6)
FN:26,(anonymous_7)
FNF:8
FNH:4
FNDA:2,(anonymous_0)
FNDA:0,(anonymous_1)
FNDA:0,(anonymous_2)
FNDA:0,(anonymous_3)
FNDA:0,(anonymous_4)
FNDA:1,(anonymous_5)
FNDA:3,(anonymous_6)
FNDA:2,(anonymous_7)
DA:3,2
DA:4,2
DA:6,0
DA:8,0
DA:9,0
DA:11,0
DA:15,2
DA:21,2
DA:22,2
DA:23,2
DA:24,3
DA:26,2
DA:27,2
LF:13
LH:9
BRDA:3,0,0,2
BRDA:4,1,0,0
BRDA:4,1,1,2
BRF:3
BRH:2
end_of_record
TN:
SF:E:\dev\mongomart\react-redux\reducers\currentPage.js
FN:1,(anonymous_0)
FNF:1
FNH:1
FNDA:2,(anonymous_0)
DA:1,1
DA:2,2
DA:4,0
DA:6,2
LF:4
LH:3
BRDA:1,0,0,2
BRDA:2,1,0,0
BRDA:2,1,1,2
BRF:3
BRH:2
end_of_record
TN:
SF:E:\dev\mongomart\react-redux\reducers\index.js
FN:9,(anonymous_0)
FN:21,(anonymous_1)
FN:24,(anonymous_2)
FN:27,(anonymous_3)
FNF:4
FNH:1
FNDA:4,(anonymous_0)
FNDA:0,(anonymous_1)
FNDA:0,(anonymous_2)
FNDA:0,(anonymous_3)
DA:9,1
DA:10,4
DA:11,1
DA:17,3
DA:21,1
DA:22,0
DA:24,1
DA:25,0
DA:27,1
DA:28,0
LF:10
LH:7
BRDA:10,0,0,1
BRDA:10,0,1,3
BRF:2
BRH:2
end_of_record
TN:
SF:E:\dev\mongomart\react-redux\reducers\userSearchText.js
FN:1,(anonymous_0)
FNF:1
FNH:1
FNDA:3,(anonymous_0)
DA:1,1
DA:2,3
DA:3,2
DA:5,1
DA:7,1
LF:5
LH:5
BRDA:1,0,0,1
BRDA:2,1,0,1
BRDA:2,1,1,2
BRDA:3,2,0,1
BRDA:3,2,1,1
BRF:5
BRH:5
end_of_record
TN:
SF:E:\dev\mongomart\react-redux\reducers\util.js
FN:1,searchItemInState
FN:5,(anonymous_1)
FNF:2
FNH:2
FNDA:6,searchItemInState
FNDA:76,(anonymous_1)
DA:2,6
DA:3,6
DA:5,6
DA:6,76
DA:7,76
DA:8,76
DA:9,28
DA:12,6
LF:8
LH:8
BRDA:1,0,0,3
BRDA:3,1,0,3
BRDA:3,1,1,3
BRDA:8,2,0,28
BRDA:8,2,1,48
BRDA:8,3,0,76
BRDA:8,3,1,48
BRF:7
BRH:7
end_of_record
